make all --print-data-base --no-builtin-variables --no-builtin-rules --question
# GNU Make 4.2.1
# Built for x86_64-pc-linux-gnu
# Copyright (C) 1988-2016 Free Software Foundation, Inc.
# License GPLv3+: GNU GPL version 3 or later <http://gnu.org/licenses/gpl.html>
# This is free software: you are free to change and redistribute it.
# There is NO WARRANTY, to the extent permitted by law.

# Make data base, printed on Tue Jun  1 20:25:22 2021

# Variables

# 'override' directive
GNUMAKEFLAGS := 
# automatic
<D = $(patsubst %/,%,$(dir $<))
# automatic
?F = $(notdir $?)
# environment
DESKTOP_SESSION = ubuntu
# default
.SHELLFLAGS := -c
# environment
XDG_SESSION_CLASS = user
# environment
SNAP_COMMON = /var/snap/code/common
# environment
XDG_SESSION_TYPE = x11
# environment
VSCODE_LOG_NATIVE = false
# automatic
?D = $(patsubst %/,%,$(dir $?))
# environment
IM_CONFIG_PHASE = 1
# automatic
@D = $(patsubst %/,%,$(dir $@))
# environment
XAUTHORITY = /run/user/1000/gdm/Xauthority
# environment
GDMSESSION = ubuntu
# environment
XMODIFIERS = @im=ibus
# makefile
CURDIR := /home/liam/Documents/buddy_allocator_bitmap
# makefile
SHELL = /bin/sh
# environment
SNAP_DATA = /var/snap/code/65
# environment
VSCODE_NLS_CONFIG = {"locale":"en-us","availableLanguages":{},"_languagePackSupport":true}
# environment
JOURNAL_STREAM = 8:58378
# environment
XDG_CONFIG_DIRS = /etc/xdg/xdg-ubuntu:/etc/xdg
# environment
SNAP_INSTANCE_NAME = code
# environment
SNAP_ARCH = amd64
# makefile (from 'makefile', line 1)
MAKEFILE_LIST :=  makefile
# automatic
@F = $(notdir $@)
# environment
GIO_LAUNCHED_DESKTOP_FILE = /var/lib/snapd/desktop/applications/code_code.desktop
# environment
USERNAME = liam
# environment
MAKELEVEL := 0
# environment
MANDATORY_PATH = /usr/share/gconf/ubuntu.mandatory.path
# environment
XDG_DATA_DIRS = /usr/share/ubuntu:/usr/local/share/:/usr/share/:/var/lib/snapd/desktop
# environment
DBUS_SESSION_BUS_ADDRESS = unix:path=/run/user/1000/bus
# environment
VSCODE_VERBOSE_LOGGING = true
# environment
_ = /snap/code/65/usr/share/code/code
# makefile (from 'makefile', line 2)
VGOPTS = --leak-check=full --show-leak-kinds=all  --track-origins=yes  --verbose 
# environment
MANAGERPID = 1254
# environment
LESSOPEN = | /usr/bin/lesspipe %s
# environment
LC_NAME = it_IT.UTF-8
# environment
VSCODE_CWD = /home/liam
# environment
GSETTINGS_SCHEMA_DIR = /snap/code/65/usr/share/glib-2.0/schemas
# default
MAKE_HOST := x86_64-pc-linux-gnu
# environment
PATH = /home/liam/.local/bin:/home/liam/.local/bin:/usr/local/sbin:/usr/local/bin:/usr/sbin:/usr/bin:/sbin:/bin:/usr/games:/usr/local/games:/snap/bin
# environment
GPG_AGENT_INFO = /run/user/1000/gnupg/S.gpg-agent:0:1
# environment
SESSION_MANAGER = local/liam-desktop:@/tmp/.ICE-unix/1523,unix/liam-desktop:/tmp/.ICE-unix/1523
# environment
XDG_RUNTIME_DIR = /run/user/1000
# environment
GDK_PIXBUF_MODULE_FILE = /home/liam/snap/code/common/.cache/gdk-pixbuf-loaders.cache
# makefile (from 'makefile', line 6)
CC_DUMP = -c
# environment
SNAP = /snap/code/65
# makefile (from 'makefile', line 11)
TEST_DIR = Tests/
# environment
SNAP_VERSION = 054a9295
# environment
XDG_MENU_PREFIX = gnome-
# environment
VSCODE_LOG_STACK = false
# environment
DISABLE_WAYLAND = 1
# environment
VSCODE_CRASH_REPORTER_START_OPTIONS = {"companyName":"Microsoft","productName":"VSCode","submitURL":"appcenter://code?aid=fba07a4d-84bd-4fc8-a125-9640fc8ce171&uid=405981d7-7171-4b3d-8047-52faa804df52&iid=405981d7-7171-4b3d-8047-52faa804df52&sid=405981d7-7171-4b3d-8047-52faa804df52","uploadToServer":true}
# environment
INVOCATION_ID = d3ba5243b9c24c4fb14fd93152ba0ee5
# environment
GDK_PIXBUF_MODULEDIR = /snap/code/65/usr/lib/x86_64-linux-gnu/gdk-pixbuf-2.0/2.10.0/loaders
# default
.FEATURES := target-specific order-only second-expansion else-if shortest-stem undefine oneshell archives jobserver output-sync check-symlink load
# environment
LS_COLORS = 
# environment
XDG_SESSION_DESKTOP = ubuntu
# environment
SSH_AUTH_SOCK = /run/user/1000/keyring/ssh
# environment
GIO_LAUNCHED_DESKTOP_FILE_PID = 4975
# automatic
%F = $(notdir $%)
# environment
DISPLAY = :0
# environment
VSCODE_PIPE_LOGGING = true
# environment
SNAP_INSTANCE_KEY = 
# environment
PWD = /home/liam/Documents/buddy_allocator_bitmap
# default
.LOADED := 
# environment
SSH_AGENT_PID = 1480
# environment
ORIGINAL_XDG_CURRENT_DESKTOP = ubuntu:GNOME
# makefile (from 'makefile', line 9)
BINS_DIR = OUT/Bins
# environment
GTK_MODULES = gail:atk-bridge
# environment
VSCODE_AMD_ENTRYPOINT = vs/workbench/services/extensions/node/extensionHostProcess
# environment
HOME = /home/liam
# environment
LESSCLOSE = /usr/bin/lesspipe %s %s
# environment
VSCODE_CLI = 1
# environment
LOGNAME = liam
# environment
APPLICATION_INSIGHTS_NO_DIAGNOSTIC_CHANNEL = true
# environment
SNAP_LIBRARY_PATH = /var/lib/snapd/lib/gl:/var/lib/snapd/lib/gl32:/var/lib/snapd/void
# environment
SNAP_CONTEXT = NujJUTJYhR0zwAoVEbITusRFby-06_0Lh0ID9CiXDBLGfBRmVJii
# automatic
+F = $(notdir $+)
# makefile (from 'makefile', line 10)
DUMPS_DIR = OUT/Dumps/
# environment
ELECTRON_NO_ATTACH_CONSOLE = 1
# environment
SNAP_USER_COMMON = /home/liam/snap/code/common
# environment
VSCODE_HANDLES_UNCAUGHT_ERRORS = true
# environment
GNOME_DESKTOP_SESSION_ID = this-is-deprecated
# automatic
^D = $(patsubst %/,%,$(dir $^))
# environment
LC_TIME = it_IT.UTF-8
# environment
SNAP_REAL_HOME = /home/liam
# default
MAKE = $(MAKE_COMMAND)
# default
MAKECMDGOALS := all
# environment
QT_IM_MODULE = ibus
# environment
SNAP_USER_DATA = /home/liam/snap/code/65
# environment
SHLVL = 0
# makefile (from 'makefile', line 1)
CCOPTS = -Wall -g -std=gnu99 
# makefile (from 'makefile', line 4)
CC = gcc
# environment
GNOME_SHELL_SESSION_MODE = ubuntu
# environment
VSCODE_IPC_HOOK_EXTHOST = /run/user/1000/vscode-ipc-695ea4da-fea2-4f94-a89c-25965721b457.sock
# default
MAKE_VERSION := 4.2.1
# environment
USER = liam
# environment
SNAP_REVISION = 65
# environment
LC_MONETARY = it_IT.UTF-8
# makefile
.DEFAULT_GOAL := buddy
# environment
XDG_CURRENT_DESKTOP = Unity
# automatic
%D = $(patsubst %/,%,$(dir $%))
# makefile (from 'makefile', line 8)
OUT_DIR = OUT/
# environment
LC_TELEPHONE = it_IT.UTF-8
# default
MAKE_COMMAND := make
# environment
VSCODE_NODE_CACHED_DATA_DIR = /home/liam/.config/Code/CachedData/054a9295330880ed74ceaedda236253b4f39a335
# default
.VARIABLES := 
# automatic
*F = $(notdir $*)
# environment
VSCODE_IPC_HOOK = /run/user/1000/vscode-c7e80fa5-1.56.2-main.sock
# environment
BAMF_DESKTOP_FILE_HINT = /var/lib/snapd/desktop/applications/code_code.desktop
# makefile
MAKEFLAGS = pqrR
# environment
MFLAGS = -pqrR
# automatic
*D = $(patsubst %/,%,$(dir $*))
# environment
BREAKPAD_DUMP_LOCATION = /home/liam/.config/Code/exthost Crash Reports
# automatic
+D = $(patsubst %/,%,$(dir $+))
# environment
GDK_BACKEND = x11
# environment
LC_PAPER = it_IT.UTF-8
# environment
LC_IDENTIFICATION = it_IT.UTF-8
# environment
QT_ACCESSIBILITY = 1
# environment
DEFAULTS_PATH = /usr/share/gconf/ubuntu.default.path
# makefile (from 'makefile', line 5)
CC_GPROF = -pg
# default
MAKEFILES := 
# environment
SNAP_COOKIE = NujJUTJYhR0zwAoVEbITusRFby-06_0Lh0ID9CiXDBLGfBRmVJii
# environment
LC_NUMERIC = it_IT.UTF-8
# automatic
<F = $(notdir $<)
# environment
ELECTRON_RUN_AS_NODE = 1
# environment
LC_MEASUREMENT = it_IT.UTF-8
# environment
SNAP_NAME = code
# environment
LC_ALL = C
# environment
GJS_DEBUG_TOPICS = JS ERROR;JS LOG
# makefile (from 'makefile', line 3)
LIBS = 
# automatic
^F = $(notdir $^)
# default
SUFFIXES := 
# environment
SNAP_REEXEC = 
# environment
CHROME_DESKTOP = code-url-handler.desktop
# environment
WINDOWPATH = 2
# default
.INCLUDE_DIRS = /usr/include /usr/local/include /usr/include
# environment
GJS_DEBUG_OUTPUT = stderr
# default
.RECIPEPREFIX := 
# environment
LC_ADDRESS = it_IT.UTF-8
# environment
LANG = C
# environment
VSCODE_PID = 5019
# variable set hash-table stats:
# Load=143/1024=14%, Rehash=0, Collisions=28/168=17%

# Pattern-specific Variable Values

# No pattern-specific variable values.

# Directories

# . (device 2066, inode 11928695): 13 files, no impossibilities.

# 13 files, no impossibilities in 1 directories.

# Implicit Rules

# No implicit rules.

# Files

BitmapTest:
#  Implicit rule search has not been done.
#  Modification time never checked.
#  File has not been updated.
#  recipe to execute (from 'makefile', line 42):
	$(CC) $(CCOPTS) -o BM_test $(TEST_DIR)Bitmap_test.c Bitmap.* Buddy.* 
	./BM_test
	mv BM_test $(BINS_DIR)

 
make: *** No rule to make target 'all'.  Stop.
 
# Not a target:
all:
#  Command line target.
#  Implicit rule search has been done.
#  File does not exist.
#  File has not been updated.

# Not a target:
makefile:
#  Implicit rule search has been done.
#  Last modified 2021-06-01 20:25:03.964503418
#  File has been updated.
#  Successfully updated.

buddy.o:
#  Implicit rule search has not been done.
#  Modification time never checked.
#  File has not been updated.
#  recipe to execute (from 'makefile', line 20):
	$(CC) $(CCOPTS) $(CC_DUMP) Main.c Bitmap.* Buddy.* 

buddy:
#  Implicit rule search has not been done.
#  Modification time never checked.
#  File has not been updated.
#  recipe to execute (from 'makefile', line 14):
	$(CC) $(CCOPTS) -o Bud_test Main.c Bitmap.* Buddy.* 
	./Bud_test
	mv Bud_test $(BINS_DIR)

# Not a target:
.DEFAULT:
#  Implicit rule search has not been done.
#  Modification time never checked.
#  File has not been updated.

buddyDebug: buddyGProf buddyVG buddyDump
#  Implicit rule search has not been done.
#  Modification time never checked.
#  File has not been updated.

clean:
#  Implicit rule search has not been done.
#  Modification time never checked.
#  File has not been updated.
#  recipe to execute (from 'makefile', line 47):
	rm -rf *.o Bud_test *.h.gch $(OUT_DIR)*.txt $(DUMPS_DIR)*.txt $(BINS_DIR)*.*

buddyDump: buddy.o
#  Implicit rule search has not been done.
#  Modification time never checked.
#  File has not been updated.
#  recipe to execute (from 'makefile', line 36):
	objdump -d Bitmap.o > Bitmap_dump.txt Buddy.o > Buddy_dump.txt Main.o > Main_dump.txt
	mv *.txt $(DUMPS_DIR)

buddyVG:
#  Implicit rule search has not been done.
#  Modification time never checked.
#  File has not been updated.
#  recipe to execute (from 'makefile', line 23):
	$(CC) $(CCOPTS) -o Bud_test Main.c Bitmap.* Buddy.* 
	valgrind $(VGOPTS)--log-file=bm-valgrind-out.txt \./Bud_test
	mv bm-valgrind-out.txt $(OUT_DIR)
	rm -rf gmon.out Bud_test

buddyGProf:
#  Implicit rule search has not been done.
#  Modification time never checked.
#  File has not been updated.
#  recipe to execute (from 'makefile', line 29):
	$(CC) $(CCOPTS) $(CC_GPROF) -o Bud_test Main.c Bitmap.* Buddy.* 
	./Bud_test
	gprof Bud_test gmon.out > Bud_TestGprof.txt
	mv Bud_TestGprof.txt $(OUT_DIR)
	rm -rf gmon.out Bud_test

# files hash-table stats:
# Load=12/1024=1%, Rehash=0, Collisions=0/26=0%
# VPATH Search Paths

# No 'vpath' search paths.

# No general ('VPATH' variable) search path.

# strcache buffers: 1 (0) / strings = 26 / storage = 214 B / avg = 8 B
# current buf: size = 8162 B / used = 214 B / count = 26 / avg = 8 B

# strcache performance: lookups = 42 / hit rate = 38%
# hash-table stats:
# Load=26/8192=0%, Rehash=0, Collisions=1/42=2%
# Finished Make data base on Tue Jun  1 20:25:22 2021

 
